<?xml version="1.0" encoding="UTF-8"?>
<testng-results skipped="0" failed="0" ignored="0" total="1" passed="1">
  <reporter-output>
  </reporter-output>
  <suite name="com.manipal.basetest.BaseTest" duration-ms="31" started-at="2018-10-27T04:10:30Z" finished-at="2018-10-27T04:10:30Z">
    <groups>
    </groups>
    <test name="Command line test" duration-ms="31" started-at="2018-10-27T04:10:30Z" finished-at="2018-10-27T04:10:30Z">
      <class name="com.manipal.basetest.BaseTest">
        <test-method status="PASS" signature="testMethod()[pri:0, instance:com.manipal.basetest.BaseTest@6e6d5e]" name="testMethod" duration-ms="0" started-at="2018-10-27T04:10:30Z" finished-at="2018-10-27T04:10:30Z">
          <reporter-output>
          </reporter-output>
        </test-method> <!-- testMethod -->
      </class> <!-- com.manipal.basetest.BaseTest -->
    </test> <!-- Command line test -->
  </suite> <!-- com.manipal.basetest.BaseTest -->
</testng-results>
